action: cov-report, msg: envreport
cwd: /Users/rubelw/projects/wills-github/terraform-compliance
cmd: /Users/rubelw/projects/wills-github/terraform-compliance/.tox/cov-report/bin/python -m pip freeze
ERROR: Command errored out with exit status 128:
 command: git rev-parse HEAD
     cwd: /Users/rubelw/projects/wills-github/terraform-compliance
Complete output (4 lines):
fatal: ambiguous argument 'HEAD': unknown revision or path not in the working tree.
Use '--' to separate paths from revisions, like this:
'git <command> [<revision>...] -- [<file>...]'
HEAD
----------------------------------------
WARNING: Error when trying to get requirement for VCS system Command errored out with exit status 128: git rev-parse HEAD Check the logs for full command output., falling back to uneditable format
WARNING: Could not determine repository location of /Users/rubelw/projects/wills-github/terraform-compliance
boto3==1.10.15
botocore==1.13.15
certifi==2019.9.11
chardet==3.0.4
Click==7.0
configparser==4.0.2
coverage==4.5.4
docutils==0.15.2
future==0.18.2
idna==2.8
jmespath==0.9.4
python-dateutil==2.8.0
requests==2.22.0
s3transfer==0.2.1
six==1.13.0
## !! Could not determine repository location
terraform-compliance==0.0.19
urllib3==1.25.7
