action: py36, msg: getenv
cwd: /Users/rubelw/projects/wills-github/terraform-compliance
cmd: /Users/rubelw/projects/wills-github/terraform-compliance/.tox/py36/bin/python -m pip install cov-core pytest pytest-cov mock
Processing /Users/rubelw/Library/Caches/pip/wheels/34/b4/08/2eb04c831f579f1d77e5150eea39fbded92bce3ed3d55f088a/cov_core-1.15.0-cp36-none-any.whl
Collecting pytest
  Using cached https://files.pythonhosted.org/packages/93/16/f6dec5178f5f4141e80dfc4812a9aba88f5f29ca881f174ab1851181d016/pytest-5.2.2-py3-none-any.whl
Collecting pytest-cov
  Using cached https://files.pythonhosted.org/packages/b9/54/3673ee8be482f81527678ac894276223b9814bb7262e4f730469bb7bf70e/pytest_cov-2.8.1-py2.py3-none-any.whl
Collecting mock
  Using cached https://files.pythonhosted.org/packages/05/d2/f94e68be6b17f46d2c353564da56e6fb89ef09faeeff3313a046cb810ca9/mock-3.0.5-py2.py3-none-any.whl
Collecting coverage>=3.6
  Using cached https://files.pythonhosted.org/packages/83/26/f9ed9e2b3b4dae24225513b90a51883dc3688486d1fa49af23ea4323b066/coverage-4.5.4-cp36-cp36m-macosx_10_13_x86_64.whl
Collecting packaging
  Using cached https://files.pythonhosted.org/packages/cf/94/9672c2d4b126e74c4496c6b3c58a8b51d6419267be9e70660ba23374c875/packaging-19.2-py2.py3-none-any.whl
Collecting wcwidth
  Using cached https://files.pythonhosted.org/packages/7e/9f/526a6947247599b084ee5232e4f9190a38f398d7300d866af3ab571a5bfe/wcwidth-0.1.7-py2.py3-none-any.whl
Collecting attrs>=17.4.0
  Using cached https://files.pythonhosted.org/packages/a2/db/4313ab3be961f7a763066401fb77f7748373b6094076ae2bda2806988af6/attrs-19.3.0-py2.py3-none-any.whl
Collecting importlib-metadata>=0.12; python_version < "3.8"
  Using cached https://files.pythonhosted.org/packages/f6/d2/40b3fa882147719744e6aa50ac39cf7a22a913cbcba86a0371176c425a3b/importlib_metadata-0.23-py2.py3-none-any.whl
Collecting pluggy<1.0,>=0.12
  Using cached https://files.pythonhosted.org/packages/92/c7/48439f7d5fd6bddb4c04b850bb862b42e3e2b98570040dfaf68aedd8114b/pluggy-0.13.0-py2.py3-none-any.whl
Collecting atomicwrites>=1.0
  Using cached https://files.pythonhosted.org/packages/52/90/6155aa926f43f2b2a22b01be7241be3bfd1ceaf7d0b3267213e8127d41f4/atomicwrites-1.3.0-py2.py3-none-any.whl
Collecting more-itertools>=4.0.0
  Using cached https://files.pythonhosted.org/packages/45/dc/3241eef99eb45f1def35cf93af35d1cf9ef4c0991792583b8f33ea41b092/more_itertools-7.2.0-py3-none-any.whl
Collecting py>=1.5.0
  Using cached https://files.pythonhosted.org/packages/76/bc/394ad449851729244a97857ee14d7cba61ddb268dce3db538ba2f2ba1f0f/py-1.8.0-py2.py3-none-any.whl
Collecting six
  Using cached https://files.pythonhosted.org/packages/65/26/32b8464df2a97e6dd1b656ed26b2c194606c16fe163c695a992b36c11cdf/six-1.13.0-py2.py3-none-any.whl
Collecting pyparsing>=2.0.2
  Using cached https://files.pythonhosted.org/packages/c0/0c/fc2e007d9a992d997f04a80125b0f183da7fb554f1de701bbb70a8e7d479/pyparsing-2.4.5-py2.py3-none-any.whl
Collecting zipp>=0.5
  Using cached https://files.pythonhosted.org/packages/74/3d/1ee25a26411ba0401b43c6376d2316a71addcc72ef8690b101b4ea56d76a/zipp-0.6.0-py2.py3-none-any.whl
ERROR: terraform-compliance 0.0.19 requires boto3>=1.4.3, which is not installed.
ERROR: terraform-compliance 0.0.19 requires Click>=6.7, which is not installed.
ERROR: terraform-compliance 0.0.19 requires configparser>=3.5.0, which is not installed.
ERROR: terraform-compliance 0.0.19 requires future>=0.16.0, which is not installed.
ERROR: terraform-compliance 0.0.19 requires requests>=2.18, which is not installed.
Installing collected packages: coverage, cov-core, pyparsing, six, packaging, wcwidth, attrs, more-itertools, zipp, importlib-metadata, pluggy, atomicwrites, py, pytest, pytest-cov, mock
Successfully installed atomicwrites-1.3.0 attrs-19.3.0 cov-core-1.15.0 coverage-4.5.4 importlib-metadata-0.23 mock-3.0.5 more-itertools-7.2.0 packaging-19.2 pluggy-0.13.0 py-1.8.0 pyparsing-2.4.5 pytest-5.2.2 pytest-cov-2.8.1 six-1.13.0 wcwidth-0.1.7 zipp-0.6.0
