action: py36, msg: developpkg
cwd: /Users/rubelw/projects/wills-github/terraform-compliance
cmd: /Users/rubelw/projects/wills-github/terraform-compliance/.tox/py36/bin/python -m pip install --exists-action w -e .
Obtaining file:///Users/rubelw/projects/wills-github/terraform-compliance
Collecting boto3>=1.4.3
  Using cached https://files.pythonhosted.org/packages/3b/5c/3896c5c2f2eedaa4b60836f7e91d792328d59a09e3353db5016f49eaa51b/boto3-1.10.15-py2.py3-none-any.whl
Collecting requests>=2.18
  Using cached https://files.pythonhosted.org/packages/51/bd/23c926cd341ea6b7dd0b2a00aba99ae0f828be89d72b2190f27c11d4b7fb/requests-2.22.0-py2.py3-none-any.whl
Collecting Click>=6.7
  Using cached https://files.pythonhosted.org/packages/fa/37/45185cb5abbc30d7257104c434fe0b07e5a195a6847506c074527aa599ec/Click-7.0-py2.py3-none-any.whl
Collecting configparser>=3.5.0
  Using cached https://files.pythonhosted.org/packages/7a/2a/95ed0501cf5d8709490b1d3a3f9b5cf340da6c433f896bbe9ce08dbe6785/configparser-4.0.2-py2.py3-none-any.whl
Processing /Users/rubelw/Library/Caches/pip/wheels/8b/99/a0/81daf51dcd359a9377b110a8a886b3895921802d2fc1b2397e/future-0.18.2-cp36-none-any.whl
Requirement already satisfied: six>=1.11.0 in ./.tox/py36/lib/python3.6/site-packages (from terraform-compliance==0.0.19) (1.13.0)
Requirement already satisfied: pip in ./.tox/py36/lib/python3.6/site-packages (from terraform-compliance==0.0.19) (19.3.1)
Collecting s3transfer<0.3.0,>=0.2.0
  Using cached https://files.pythonhosted.org/packages/16/8a/1fc3dba0c4923c2a76e1ff0d52b305c44606da63f718d14d3231e21c51b0/s3transfer-0.2.1-py2.py3-none-any.whl
Collecting botocore<1.14.0,>=1.13.15
  Using cached https://files.pythonhosted.org/packages/c1/f8/54a28c1900ca1498a02e7ba6e227be4a6db976e49bd0d374e541b09b5738/botocore-1.13.15-py2.py3-none-any.whl
Collecting jmespath<1.0.0,>=0.7.1
  Using cached https://files.pythonhosted.org/packages/83/94/7179c3832a6d45b266ddb2aac329e101367fbdb11f425f13771d27f225bb/jmespath-0.9.4-py2.py3-none-any.whl
Collecting idna<2.9,>=2.5
  Using cached https://files.pythonhosted.org/packages/14/2c/cd551d81dbe15200be1cf41cd03869a46fe7226e7450af7a6545bfc474c9/idna-2.8-py2.py3-none-any.whl
Collecting urllib3!=1.25.0,!=1.25.1,<1.26,>=1.21.1
  Using cached https://files.pythonhosted.org/packages/b4/40/a9837291310ee1ccc242ceb6ebfd9eb21539649f193a7c8c86ba15b98539/urllib3-1.25.7-py2.py3-none-any.whl
Collecting certifi>=2017.4.17
  Using cached https://files.pythonhosted.org/packages/18/b0/8146a4f8dd402f60744fa380bc73ca47303cccf8b9190fd16a827281eac2/certifi-2019.9.11-py2.py3-none-any.whl
Collecting chardet<3.1.0,>=3.0.2
  Using cached https://files.pythonhosted.org/packages/bc/a9/01ffebfb562e4274b6487b4bb1ddec7ca55ec7510b22e4c51f14098443b8/chardet-3.0.4-py2.py3-none-any.whl
Collecting python-dateutil<2.8.1,>=2.1; python_version >= "2.7"
  Using cached https://files.pythonhosted.org/packages/41/17/c62faccbfbd163c7f57f3844689e3a78bae1f403648a6afb1d0866d87fbb/python_dateutil-2.8.0-py2.py3-none-any.whl
Collecting docutils<0.16,>=0.10
  Using cached https://files.pythonhosted.org/packages/22/cd/a6aa959dca619918ccb55023b4cb151949c64d4d5d55b3f4ffd7eee0c6e8/docutils-0.15.2-py3-none-any.whl
Installing collected packages: python-dateutil, docutils, urllib3, jmespath, botocore, s3transfer, boto3, idna, certifi, chardet, requests, Click, configparser, future, terraform-compliance
  Found existing installation: terraform-compliance 0.0.19
    Not uninstalling terraform-compliance at /Users/rubelw/projects/wills-github/terraform-compliance, outside environment /Users/rubelw/projects/wills-github/terraform-compliance/.tox/py36
    Can't uninstall 'terraform-compliance'. No files were found to uninstall.
  Running setup.py develop for terraform-compliance
Successfully installed Click-7.0 boto3-1.10.15 botocore-1.13.15 certifi-2019.9.11 chardet-3.0.4 configparser-4.0.2 docutils-0.15.2 future-0.18.2 idna-2.8 jmespath-0.9.4 python-dateutil-2.8.0 requests-2.22.0 s3transfer-0.2.1 terraform-compliance urllib3-1.25.7
